#
# There is insufficient memory for the Java Runtime Environment to continue.
# Native memory allocation (mmap) failed to map 264241152 bytes. Error detail: G1 virtual space
# Possible reasons:
#   The system is out of physical RAM or swap space
#   This process is running with CompressedOops enabled, and the Java Heap may be blocking the growth of the native heap
# Possible solutions:
#   Reduce memory load on the system
#   Increase physical memory or swap space
#   Check if swap backing store is full
#   Decrease Java heap size (-Xmx/-Xms)
#   Decrease number of Java threads
#   Decrease Java thread stack sizes (-Xss)
#   Set larger code cache with -XX:ReservedCodeCacheSize=
#   JVM is running with Zero Based Compressed Oops mode in which the Java heap is
#     placed in the first 32GB address space. The Java Heap base address is the
#     maximum limit for the native heap growth. Please use -XX:HeapBaseMinAddress
#     to set the Java Heap base and to place the Java Heap above 32GB virtual address.
# This output file may be truncated or incomplete.
#
#  Out of Memory Error (os_windows.cpp:3564), pid=23244, tid=29532
#
# JRE version:  (24.0.1+9) (build )
# Java VM: Java HotSpot(TM) 64-Bit Server VM (24.0.1+9-30, mixed mode, sharing, tiered, compressed oops, compressed class ptrs, g1 gc, windows-amd64)
# No core dump will be written. Minidumps are not enabled by default on client versions of Windows
#

---------------  S U M M A R Y ------------

Command Line: -agentlib:jdwp=transport=dt_socket,address=127.0.0.1:63222,suspend=y,server=n -javaagent:C:\Users\arshd\AppData\Local\JetBrains\IdeaIC2025.1\captureAgent\debugger-agent.jar=file:///C:/Users/arshd/AppData/Local/Temp/capture17806324451430491318.props -Dkotlinx.coroutines.debug.enable.creation.stack.trace=false -Ddebugger.agent.enable.coroutines=true -Dkotlinx.coroutines.debug.enable.flows.stack.trace=true -Dkotlinx.coroutines.debug.enable.mutable.state.flows.stack.trace=true -Dfile.encoding=UTF-8 -Dsun.stdout.encoding=UTF-8 -Dsun.stderr.encoding=UTF-8 arsh.TwoSum

Host: 11th Gen Intel(R) Core(TM) i7-11370H @ 3.30GHz, 8 cores, 15G,  Windows 10 , 64 bit Build 19041 (10.0.19041.5915)
Time: Sat Feb  7 15:11:02 2026 Eastern Standard Time elapsed time: 0.015541 seconds (0d 0h 0m 0s)

---------------  T H R E A D  ---------------

Current thread (0x000001c81f8c6100):  JavaThread "Unknown thread" [_thread_in_vm, id=29532, stack(0x000000074d800000,0x000000074d900000) (1024K)]

Stack: [0x000000074d800000,0x000000074d900000]
Native frames: (J=compiled Java code, j=interpreted, Vv=VM code, C=native code)
V  [jvm.dll+0x730739]  (no source info available)
V  [jvm.dll+0x8d9b23]  (no source info available)
V  [jvm.dll+0x8dc00d]  (no source info available)
V  [jvm.dll+0x8dc683]  (no source info available)
V  [jvm.dll+0x2aa086]  (no source info available)
V  [jvm.dll+0x72cc65]  (no source info available)
V  [jvm.dll+0x72059a]  (no source info available)
V  [jvm.dll+0x390cea]  (no source info available)
V  [jvm.dll+0x3989f6]  (no source info available)
V  [jvm.dll+0x38523e]  (no source info available)
V  [jvm.dll+0x3854f8]  (no source info available)
V  [jvm.dll+0x35d0cc]  (no source info available)
V  [jvm.dll+0x35dd8d]  (no source info available)
V  [jvm.dll+0x89d28f]  (no source info available)
V  [jvm.dll+0x3f985d]  (no source info available)
V  [jvm.dll+0x8858e6]  (no source info available)
V  [jvm.dll+0x495f3e]  (no source info available)
V  [jvm.dll+0x497d11]  (no source info available)
C  [jli.dll+0x52a1]  (no source info available)
C  [ucrtbase.dll+0x21bb2]  (no source info available)
C  [KERNEL32.DLL+0x17374]  (no source info available)
C  [ntdll.dll+0x4cc91]  (no source info available)

Lock stack of current Java thread (top to bottom):


---------------  P R O C E S S  ---------------

Threads class SMR info:
_java_thread_list=0x00007ffd4b97f318, length=0, elements={
}

Java Threads: ( => current thread )
Total: 0

Other Threads:
  0x000001c81d6ddf30 WorkerThread "GC Thread#0"                     [id=22760, stack(0x000000074d900000,0x000000074da00000) (1024K)]
  0x000001c81f940b80 ConcurrentGCThread "G1 Main Marker"            [id=15416, stack(0x000000074da00000,0x000000074db00000) (1024K)]
  0x000001c81f9415a0 WorkerThread "G1 Conc#0"                       [id=27008, stack(0x000000074db00000,0x000000074dc00000) (1024K)]

[error occurred during error reporting (printing all threads), id 0xc0000005, EXCEPTION_ACCESS_VIOLATION (0xc0000005) at pc=0x00007ffd4b0b14ea]
VM state: not at safepoint (not fully initialized)

VM Mutex/Monitor currently owned by a thread:  ([mutex/lock_event])
[0x00007ffd4ba045b0] Heap_lock - owner thread: 0x000001c81f8c6100

Heap address: 0x00000004d8000000, size: 4032 MB, Compressed Oops mode: Zero based, Oop shift amount: 3

CDS archive(s) mapped at: [0x0000000000000000-0x0000000000000000-0x0000000000000000), size 0, SharedBaseAddress: 0x0000000800000000, ArchiveRelocationMode: 1.
UseCompressedClassPointers 1, UseCompactObjectHeaders 0
Narrow klass pointer bits 32, Max shift 3
Narrow klass base: 0xffffffffffffffff, Narrow klass shift: -1
Encoding Range: [0xffffffffffffffff - 0x000000007fffffff), (2147483648 bytes)
Klass Range:    [0x0000000000000000 - 0x0000000000000000), (0 bytes)
Klass ID Range:  [4294967295 - 0) (1)

GC Precious Log:
 CardTable entry size: 512
 Card Set container configuration: InlinePtr #cards 4 size 8 Array Of Cards #cards 16 size 48 Howl #buckets 8 coarsen threshold 3686 Howl Bitmap #cards 512 size 80 coarsen threshold 460 Card regions per heap region 1 cards per card region 4096

Heap:
 garbage-first heap   total reserved 4128768K, committed 0K, used 0K [0x00000004d8000000, 0x00000005d4000000)
  region size 2048K, 0 young (0K), 0 survivors (0K)

[error occurred during error reporting (printing heap information), id 0xc0000005, EXCEPTION_ACCESS_VIOLATION (0xc0000005) at pc=0x00007ffd4b4ce3e9]
GC Heap History (0 events):
No events

Dll operation events (2 events):
Event: 0.012 Loaded shared library C:\Program Files\Java\jdk-24\bin\java.dll
Event: 0.013 Loaded shared library C:\Program Files\Java\jdk-24\bin\zip.dll

Deoptimization events (0 events):
No events

Classes loaded (0 events):
No events

Classes unloaded (0 events):
No events

Classes redefined (0 events):
No events

Internal exceptions (0 events):
No events

VM Operations (0 events):
No events

Memory protections (0 events):
No events

Nmethod flushes (0 events):
No events

Events (0 events):
No events


Dynamic libraries:
0x00007ff6603f0000 - 0x00007ff660400000 	C:\Program Files\Java\jdk-24\bin\java.exe
0x00007ffda5490000 - 0x00007ffda5688000 	C:\WINDOWS\SYSTEM32\ntdll.dll
0x00007ffda48a0000 - 0x00007ffda4962000 	C:\WINDOWS\System32\KERNEL32.DLL
0x00007ffda2bf0000 - 0x00007ffda2ee6000 	C:\WINDOWS\System32\KERNELBASE.dll
0x00007ffda3060000 - 0x00007ffda3160000 	C:\WINDOWS\System32\ucrtbase.dll
0x00007ffd99350000 - 0x00007ffd9936b000 	C:\Program Files\Java\jdk-24\bin\VCRUNTIME140.dll
0x00007ffd85170000 - 0x00007ffd85186000 	C:\Program Files\Java\jdk-24\bin\jli.dll
0x00007ffda4630000 - 0x00007ffda47d1000 	C:\WINDOWS\System32\USER32.dll
0x00007ffda2b20000 - 0x00007ffda2b42000 	C:\WINDOWS\System32\win32u.dll
0x00007ffda4120000 - 0x00007ffda414b000 	C:\WINDOWS\System32\GDI32.dll
0x00007ffd88660000 - 0x00007ffd888fb000 	C:\WINDOWS\WinSxS\amd64_microsoft.windows.common-controls_6595b64144ccf1df_6.0.19041.6456_none_60b8a6cb71f64256\COMCTL32.dll
0x00007ffda2f40000 - 0x00007ffda3059000 	C:\WINDOWS\System32\gdi32full.dll
0x00007ffda44f0000 - 0x00007ffda458e000 	C:\WINDOWS\System32\msvcrt.dll
0x00007ffda2b50000 - 0x00007ffda2bed000 	C:\WINDOWS\System32\msvcp_win.dll
0x00007ffda4870000 - 0x00007ffda489f000 	C:\WINDOWS\System32\IMM32.DLL
0x00007ffd9abc0000 - 0x00007ffd9abcc000 	C:\Program Files\Java\jdk-24\bin\vcruntime140_1.dll
0x00007ffd5f1a0000 - 0x00007ffd5f22e000 	C:\Program Files\Java\jdk-24\bin\msvcp140.dll
0x00007ffd4ad40000 - 0x00007ffd4bae2000 	C:\Program Files\Java\jdk-24\bin\server\jvm.dll
0x00007ffda3f30000 - 0x00007ffda3fe1000 	C:\WINDOWS\System32\ADVAPI32.dll
0x00007ffda4980000 - 0x00007ffda4a1f000 	C:\WINDOWS\System32\sechost.dll
0x00007ffda3590000 - 0x00007ffda36b0000 	C:\WINDOWS\System32\RPCRT4.dll
0x00007ffda3290000 - 0x00007ffda32b7000 	C:\WINDOWS\System32\bcrypt.dll
0x00007ffda45c0000 - 0x00007ffda462b000 	C:\WINDOWS\System32\WS2_32.dll
0x00007ffda2060000 - 0x00007ffda20ab000 	C:\WINDOWS\SYSTEM32\POWRPROF.dll
0x00007ffd9a2a0000 - 0x00007ffd9a2aa000 	C:\WINDOWS\SYSTEM32\VERSION.dll
0x00007ffda08e0000 - 0x00007ffda0907000 	C:\WINDOWS\SYSTEM32\WINMM.dll
0x00007ffda1f20000 - 0x00007ffda1f32000 	C:\WINDOWS\SYSTEM32\UMPDC.dll
0x00007ffda1300000 - 0x00007ffda1312000 	C:\WINDOWS\SYSTEM32\kernel.appcore.dll
0x00007ffd85160000 - 0x00007ffd8516a000 	C:\Program Files\Java\jdk-24\bin\jimage.dll
0x00007ffda0500000 - 0x00007ffda0701000 	C:\WINDOWS\SYSTEM32\DBGHELP.DLL
0x00007ffda08a0000 - 0x00007ffda08d4000 	C:\WINDOWS\SYSTEM32\dbgcore.DLL
0x00007ffda32c0000 - 0x00007ffda3342000 	C:\WINDOWS\System32\bcryptPrimitives.dll
0x00007ffd6adc0000 - 0x00007ffd6adfc000 	C:\Program Files\Java\jdk-24\bin\jdwp.dll
0x00007ffd7ab30000 - 0x00007ffd7ab3f000 	C:\Program Files\Java\jdk-24\bin\instrument.dll
0x00007ffd71b30000 - 0x00007ffd71b4e000 	C:\Program Files\Java\jdk-24\bin\java.dll
0x00007ffda4b50000 - 0x00007ffda4c7b000 	C:\WINDOWS\System32\ole32.dll
0x00007ffda50f0000 - 0x00007ffda5444000 	C:\WINDOWS\System32\combase.dll
0x00007ffda3710000 - 0x00007ffda3e80000 	C:\WINDOWS\System32\SHELL32.dll
0x00007ffd6e810000 - 0x00007ffd6e827000 	C:\Program Files\Java\jdk-24\bin\zip.dll

JVMTI agents:
jdwp path:none, loaded, not initialized, options:transport=dt_socket,address=127.0.0.1:63222,suspend=y,server=n
C:\Users\arshd\AppData\Local\JetBrains\IdeaIC2025.1\captureAgent\debugger-agent.jar path:none, loaded, not initialized, instrumentlib options:file:///C:/Users/arshd/AppData/Local/Temp/capture17806324451430491318.props

dbghelp: loaded successfully - version: 4.0.5 - missing functions: none
symbol engine: initialized successfully - sym options: 0x614 - pdb path: .;C:\Program Files\Java\jdk-24\bin;C:\WINDOWS\SYSTEM32;C:\WINDOWS\WinSxS\amd64_microsoft.windows.common-controls_6595b64144ccf1df_6.0.19041.6456_none_60b8a6cb71f64256;C:\Program Files\Java\jdk-24\bin\server

VM Arguments:
jvm_args: -agentlib:jdwp=transport=dt_socket,address=127.0.0.1:63222,suspend=y,server=n -javaagent:C:\Users\arshd\AppData\Local\JetBrains\IdeaIC2025.1\captureAgent\debugger-agent.jar=file:///C:/Users/arshd/AppData/Local/Temp/capture17806324451430491318.props -Dkotlinx.coroutines.debug.enable.creation.stack.trace=false -Ddebugger.agent.enable.coroutines=true -Dkotlinx.coroutines.debug.enable.flows.stack.trace=true -Dkotlinx.coroutines.debug.enable.mutable.state.flows.stack.trace=true -Dfile.encoding=UTF-8 -Dsun.stdout.encoding=UTF-8 -Dsun.stderr.encoding=UTF-8 
java_command: arsh.TwoSum
java_class_path (initial): E:\Projects\DSA\out\production\Java Basics For Students;C:\Program Files\JetBrains\IntelliJ IDEA Community Edition 2025.1.2\lib\idea_rt.jar
Launcher Type: SUN_STANDARD

[Global flags]
     intx CICompilerCount                          = 4                                         {product} {ergonomic}
     uint ConcGCThreads                            = 2                                         {product} {ergonomic}
     uint G1ConcRefinementThreads                  = 8                                         {product} {ergonomic}
   size_t G1HeapRegionSize                         = 2097152                                   {product} {ergonomic}
   size_t InitialHeapSize                          = 264241152                                 {product} {ergonomic}
   size_t MarkStackSize                            = 4194304                                   {product} {ergonomic}
   size_t MarkStackSizeMax                         = 536870912                                 {product} {ergonomic}
   size_t MaxHeapSize                              = 4227858432                                {product} {ergonomic}
   size_t MinHeapDeltaBytes                        = 2097152                                   {product} {ergonomic}
   size_t MinHeapSize                              = 8388608                                   {product} {ergonomic}
    uintx NonNMethodCodeHeapSize                   = 5832704                                {pd product} {ergonomic}
    uintx NonProfiledCodeHeapSize                  = 122945536                              {pd product} {ergonomic}
    uintx ProfiledCodeHeapSize                     = 122880000                              {pd product} {ergonomic}
    uintx ReservedCodeCacheSize                    = 251658240                              {pd product} {ergonomic}
     bool SegmentedCodeCache                       = true                                      {product} {ergonomic}
   size_t SoftMaxHeapSize                          = 4227858432                             {manageable} {ergonomic}
     bool UseCompressedOops                        = true                           {product lp64_product} {ergonomic}
     bool UseG1GC                                  = true                                      {product} {ergonomic}
     bool UseLargePagesIndividualAllocation        = false                                  {pd product} {ergonomic}

Logging:
Log output configuration:
 #0: stdout all=warning uptime,level,tags foldmultilines=false
 #1: stderr all=off uptime,level,tags foldmultilines=false

Environment Variables:
JAVA_HOME=C:\Program Files\Java\jdk-21
PATH=C:\Program Files\Microsoft SDKs\Azure\CLI2\wbin;C:\Python314\Scripts\;C:\Python314\;C:\Program Files\Common Files\Oracle\Java\javapath;C:\Program Files (x86)\Common Files\Oracle\Java\javapath;C:\Program Files\Eclipse Adoptium\jdk-17.0.4.101-hotspot\bin;C:\WINDOWS\system32;C:\WINDOWS;C:\WINDOWS\System32\Wbem;C:\WINDOWS\System32\WindowsPowerShell\v1.0\;C:\WINDOWS\System32\OpenSSH\;C:\Program Files\Java\jdk-21\bin;C:\Program Files\nodejs\;C:\Program Files\dotnet\;C:\ProgramData\chocolatey\bin;C:\Program Files\Git\cmd;C:\Program Files\cursor\resources\app\bin;C:\Program Files\Docker\Docker\resources\bin;C:\Users\arshd\AppData\Local\Microsoft\WindowsApps;;C:\Users\arshd\AppData\Local\Programs\Microsoft VS Code\bin;C:\Users\arshd\AppData\Roaming\npm
USERNAME=arshd
OS=Windows_NT
PROCESSOR_IDENTIFIER=Intel64 Family 6 Model 140 Stepping 1, GenuineIntel
TMP=C:\Users\arshd\AppData\Local\Temp
TEMP=C:\Users\arshd\AppData\Local\Temp




Periodic native trim disabled

---------------  S Y S T E M  ---------------

OS:
 Windows 10 , 64 bit Build 19041 (10.0.19041.5915)
OS uptime: 7 days 2:31 hours
Hyper-V role detected

CPU: total 8 (initial active 8) (4 cores per cpu, 2 threads per core) family 6 model 140 stepping 1 microcode 0xa4, cx8, cmov, fxsr, ht, mmx, 3dnowpref, sse, sse2, sse3, ssse3, sse4.1, sse4.2, popcnt, lzcnt, tsc, tscinvbit, avx, avx2, aes, erms, clmul, bmi1, bmi2, adx, avx512f, avx512dq, avx512cd, avx512bw, avx512vl, sha, fma, vzeroupper, avx512_vpopcntdq, avx512_vpclmulqdq, avx512_vaes, avx512_vnni, clflush, clflushopt, clwb, avx512_vbmi2, avx512_vbmi, hv, rdtscp, rdpid, fsrm, gfni, avx512_bitalg, f16c, cet_ibt, cet_ss, avx512_ifma
Processor Information for the first 8 processors :
  Max Mhz: 2995, Current Mhz: 2995, Mhz Limit: 2995

Memory: 4k page, system-wide physical 16122M (1475M free)
TotalPageFile size 65274M (AvailPageFile size 185M)
current process WorkingSet (physical memory assigned to process): 12M, peak: 12M
current process commit charge ("private bytes"): 60M, peak: 312M

vm_info: Java HotSpot(TM) 64-Bit Server VM (24.0.1+9-30) for windows-amd64 JRE (24.0.1+9-30), built on 2025-03-05T07:23:45Z with MS VC++ 17.6 (VS2022)

END.
